Arguments: 
  C:\Program Files\nodejs\node.exe C:\Users\Administrator\AppData\Roaming\npm\node_modules\yarn\bin\yarn.js install

PATH: 
  C:\Users\Administrator\bin;C:\Program Files\Git\mingw64\bin;C:\Program Files\Git\usr\local\bin;C:\Program Files\Git\usr\bin;C:\Program Files\Git\usr\bin;C:\Program Files\Git\mingw64\bin;C:\Program Files\Git\usr\bin;C:\Users\Administrator\bin;C:\Program Files (x86)\Common Files\Intel\Shared Files\cpp\bin\Intel64;C:\ProgramData\Oracle\Java\javapath;C:\Windows\system32;C:\Windows;C:\Windows\System32\Wbem;C:\Windows\System32\WindowsPowerShell\v1.0;C:\Program Files (x86)\Skype\Phone;C:\ProgramData\ComposerSetup\bin;C:\Program Files (x86)\QuickTime\QTSystem;C:\Program Files (x86)\GtkSharp\2.12\bin;C:\Program Files\Git\cmd;C:\Program Files\nodejs;C:\Program Files (x86)\Windows Kits\8.1\Windows Performance Toolkit;C:\Users\Administrator\AppData\Local\Programs\Python\Python36-32\Scripts;C:\Users\Administrator\AppData\Local\Programs\Python\Python36-32;C:\Users\Administrator\AppData\Local\Microsoft\WindowsApps;C:\xampp\php;C:\Users\Administrator\AppData\Roaming\Composer\vendor\bin;C:\Users\Administrator\AppData\Roaming\npms;C:\Program Files\Git\cmd;C:\Program Files\Java\jdk-9.0.1;C:\Program Files\Java\jdk-9.0.1\bin;C:\Users\Administrator\AppData\Local\Android\Sdk\platform-tools;C:\ngrok;C:\Users\Administrator\AppData\Roaming\npm;C:\Program Files\Git\usr\bin\vendor_perl;C:\Program Files\Git\usr\bin\core_perl

Yarn version: 
  1.7.0

Node version: 
  8.11.2

Platform: 
  win32 x64

Trace: 
  SyntaxError: C:\xampp\htdocs\electron-quick-start\package.json: Unexpected token } in JSON at position 2650
      at JSON.parse (<anonymous>)
      at C:\Users\Administrator\AppData\Roaming\npm\node_modules\yarn\lib\cli.js:1130:59
      at Generator.next (<anonymous>)
      at step (C:\Users\Administrator\AppData\Roaming\npm\node_modules\yarn\lib\cli.js:98:30)
      at C:\Users\Administrator\AppData\Roaming\npm\node_modules\yarn\lib\cli.js:109:13
      at <anonymous>

npm manifest: 
  {
    "name": "electron-quick-start",
    "version": "1.0.0",
    "description": "A minimal Electron application",
    "main": "main.js",
    "scripts": {
      "start": "electron .",
      "reactj": "react-scripts start",
      "build": "react-scripts build",
      "test": "react-scripts test --env=jsdom",
      "eject": "react-scripts eject",
      "dev": "npm run development",
      "development": "cross-env NODE_ENV=development node_modules/webpack/bin/webpack.js --progress --hide-modules --config=node_modules/laravel-mix/setup/webpack.config.js",
      "watch": "npm run development -- --watch",
      "watch-poll": "npm run watch -- --watch-poll",
      "hot": "cross-env NODE_ENV=development node_modules/webpack-dev-server/bin/webpack-dev-server.js --inline --hot --config=node_modules/laravel-mix/setup/webpack.config.js",
      "prod": "npm run production",
      "production": "cross-env NODE_ENV=production node_modules/webpack/bin/webpack.js --no-progress --hide-modules --config=node_modules/laravel-mix/setup/webpack.config.js"
    },
    "repository": "https://github.com/electron/electron-quick-start",
    "keywords": [
      "Electron",
      "quick",
      "start",
      "tutorial",
      "demo"
    ],
    "author": "GitHub",
    "license": "CC0-1.0",
    "devDependencies": {
      "electron": "^2.0.2",
      "devtron": "^1.3.0",
      "electron-packager": "^8.6.0",
      "electron-winstaller": "^2.2.0",
      "npm-run-all": "^4.0.2",
      "request": "^2.70.0",
      "rimraf": "^2.5.2",
      "signcode": "^0.5.0",
      "spectron": "~3.6.0",
      "standard": "^8.2.0",
      "@vue/cli-plugin-eslint": "^3.0.0-beta.9",
      "@vue/cli-service": "^3.0.0-beta.9",
      "@vue/eslint-config-standard": "^3.0.0-beta.9",
      "babel-plugin-syntax-dynamic-import": "^6.18.0",
      "cross-env": "^5.1.5",
      "laravel-mix": "^2.1.11",
      "vue-template-compiler": "^2.5.16",
      "webpack-bundle-analyzer": "^2.11.2",
      "axios": "^0.18",
      "bootstrap": "^4.0.0",
      "popper.js": "^1.12",
      "jquery": "^3.2",
      "lodash": "^4.17.4",
      "vue": "^2.5.7"
    },
    "dependencies": {
      "axios": "^0.18.0",
      "bootstrap": "^4.1.1",
      "css-loader": "^0.28.11",
      "electron-notifications": "^1.0.0",
      "electron-settings": "^3.0.7",
      "electron-shortcut-normalizer": "^1.0.0",
      "electron-windows-notifications": "^2.0.1",
      "es6-promise": "^4.2.4",
      "eslint": "^4.19.1",
      "eslint-plugin-react": "^7.8.2",
      "firebase": "^5.0.4",
      "firebase-admin": "^5.12.1",
      "firebase-functions": "^1.0.3",
      "glob": "^7.1.0",
      "highlight.js": "^9.3.0",
      "jquery": "^3.3.1",
      "popper.js": "^1.14.3",
      "react": "^16.4.0",
      "react-dom": "^16.4.0",
      "react-scripts": "1.1.4",
    }
  }

yarn manifest: 
  No manifest

Lockfile: 
  No lockfile
